<?xml version="1.0" encoding="UTF-8"?>
<testng-results ignored="0" total="3" passed="3" failed="0" skipped="0">
  <reporter-output>
  </reporter-output>
  <suite started-at="2023-06-28T20:29:41 CDT" name="Default suite" finished-at="2023-06-28T20:29:41 CDT" duration-ms="98">
    <groups>
    </groups>
    <test started-at="2023-06-28T20:29:41 CDT" name="Default test" finished-at="2023-06-28T20:29:41 CDT" duration-ms="98">
      <class name="testSuite1.Page1">
        <test-method is-config="true" signature="beforeMethod()[pri:0, instance:testSuite1.Page1@43b6123e]" started-at="2023-06-28T20:29:41 CDT" name="beforeMethod" finished-at="2023-06-28T20:29:41 CDT" duration-ms="9" status="PASS">
          <reporter-output>
          </reporter-output>
        </test-method> <!-- beforeMethod -->
        <test-method signature="test001()[pri:1, instance:testSuite1.Page1@43b6123e]" started-at="2023-06-28T20:29:41 CDT" name="test001" finished-at="2023-06-28T20:29:41 CDT" duration-ms="7" status="PASS">
          <reporter-output>
          </reporter-output>
        </test-method> <!-- test001 -->
        <test-method is-config="true" signature="afterMethod()[pri:0, instance:testSuite1.Page1@43b6123e]" started-at="2023-06-28T20:29:41 CDT" name="afterMethod" finished-at="2023-06-28T20:29:41 CDT" duration-ms="1" status="PASS">
          <reporter-output>
          </reporter-output>
        </test-method> <!-- afterMethod -->
        <test-method is-config="true" signature="beforeMethod()[pri:0, instance:testSuite1.Page1@43b6123e]" started-at="2023-06-28T20:29:41 CDT" name="beforeMethod" finished-at="2023-06-28T20:29:41 CDT" duration-ms="1" status="PASS">
          <reporter-output>
          </reporter-output>
        </test-method> <!-- beforeMethod -->
        <test-method signature="test002()[pri:0, instance:testSuite1.Page1@43b6123e]" started-at="2023-06-28T20:29:41 CDT" name="test002" finished-at="2023-06-28T20:29:41 CDT" depends-on-methods="testSuite1.Page1.test001" duration-ms="4" status="PASS">
          <reporter-output>
          </reporter-output>
        </test-method> <!-- test002 -->
        <test-method is-config="true" signature="afterMethod()[pri:0, instance:testSuite1.Page1@43b6123e]" started-at="2023-06-28T20:29:41 CDT" name="afterMethod" finished-at="2023-06-28T20:29:41 CDT" duration-ms="0" status="PASS">
          <reporter-output>
          </reporter-output>
        </test-method> <!-- afterMethod -->
        <test-method is-config="true" signature="beforeMethod()[pri:0, instance:testSuite1.Page1@43b6123e]" started-at="2023-06-28T20:29:41 CDT" name="beforeMethod" finished-at="2023-06-28T20:29:41 CDT" duration-ms="1" status="PASS">
          <reporter-output>
          </reporter-output>
        </test-method> <!-- beforeMethod -->
        <test-method signature="test003()[pri:2, instance:testSuite1.Page1@43b6123e]" started-at="2023-06-28T20:29:41 CDT" name="test003" finished-at="2023-06-28T20:29:41 CDT" duration-ms="2" status="PASS">
          <reporter-output>
          </reporter-output>
        </test-method> <!-- test003 -->
        <test-method is-config="true" signature="afterMethod()[pri:0, instance:testSuite1.Page1@43b6123e]" started-at="2023-06-28T20:29:41 CDT" name="afterMethod" finished-at="2023-06-28T20:29:41 CDT" duration-ms="1" status="PASS">
          <reporter-output>
          </reporter-output>
        </test-method> <!-- afterMethod -->
      </class> <!-- testSuite1.Page1 -->
    </test> <!-- Default test -->
  </suite> <!-- Default suite -->
</testng-results>
