<?xml version="1.0" encoding="UTF-8"?>
<!-- Generated by org.testng.reporters.JUnitXMLReporter -->
<testsuite ignored="0" hostname="DESKTOP-0ADHCVC" failures="0" tests="3" name="Default test" time="0.098" errors="0" timestamp="2023-06-28T20:29:41 CDT">
  <testcase classname="testSuite1.Page1" name="test001" time="0.007"/>
  <testcase classname="testSuite1.Page1" name="test002" time="0.004"/>
  <testcase classname="testSuite1.Page1" name="test003" time="0.002"/>
</testsuite> <!-- Default test -->
