<?xml version="1.0" encoding="UTF-8"?>
<!-- Generated by org.testng.reporters.JUnitXMLReporter -->
<testsuite ignored="0" hostname="DESKTOP-0ADHCVC" failures="0" tests="6" name="Sanity" time="0.109" errors="0" timestamp="2023-06-28T20:24:01 CDT">
  <testcase classname="testSuite1.Page2" name="test001" time="0.011"/>
  <testcase classname="testSuite1.Page2" name="test002" time="0.003"/>
  <testcase classname="testSuite1.Page2" name="test003" time="0.002"/>
  <testcase classname="testSuite1.Page1" name="test001" time="0.003"/>
  <testcase classname="testSuite1.Page1" name="test003" time="0.001"/>
  <testcase classname="testSuite1.Page1" name="test002" time="0.003"/>
</testsuite> <!-- Sanity -->
